This is pdfTeX, Version 3.141592653-2.6-1.40.22 (TeX Live 2022/dev/Debian) (preloaded format=pdflatex 2024.3.30)  10 JUN 2024 19:43
entering extended mode
 restricted \write18 enabled.
 file:line:error style messages enabled.
 %&-line parsing enabled.
**/home/slashblade_ubuntu/code/Peking-note--Week-2--2024/Blueprint/web.tex
(/home/slashblade_ubuntu/code/Peking-note--Week-2--2024/Blueprint/web.tex
LaTeX2e <2021-11-15> patch level 1
L3 programming layer <2022-01-21> (/usr/share/texlive/texmf-dist/tex/latex/amscls/amsart.cls
Document Class: amsart 2020/05/29 v2.20.6
\linespacing=\dimen138
\normalparindent=\dimen139
\normaltopskip=\skip47
(/usr/share/texlive/texmf-dist/tex/latex/amsmath/amsmath.sty
Package: amsmath 2021/10/15 v2.17l AMS math features
\@mathmargin=\skip48

For additional information on amsmath, use the `?' option.
(/usr/share/texlive/texmf-dist/tex/latex/amsmath/amstext.sty
Package: amstext 2021/08/26 v2.01 AMS text
 (/usr/share/texlive/texmf-dist/tex/latex/amsmath/amsgen.sty
File: amsgen.sty 1999/11/30 v2.0 generic functions
\@emptytoks=\toks16
\ex@=\dimen140
)) (/usr/share/texlive/texmf-dist/tex/latex/amsmath/amsbsy.sty
Package: amsbsy 1999/11/29 v1.2d Bold Symbols
\pmbraise@=\dimen141
) (/usr/share/texlive/texmf-dist/tex/latex/amsmath/amsopn.sty
Package: amsopn 2021/08/26 v2.02 operator names
)
\inf@bad=\count185
LaTeX Info: Redefining \frac on input line 234.
\uproot@=\count186
\leftroot@=\count187
LaTeX Info: Redefining \overline on input line 399.
\classnum@=\count188
\DOTSCASE@=\count189
LaTeX Info: Redefining \ldots on input line 496.
LaTeX Info: Redefining \dots on input line 499.
LaTeX Info: Redefining \cdots on input line 620.
\Mathstrutbox@=\box50
\strutbox@=\box51
\big@size=\dimen142
LaTeX Font Info:    Redeclaring font encoding OML on input line 743.
LaTeX Font Info:    Redeclaring font encoding OMS on input line 744.
\macc@depth=\count190
\c@MaxMatrixCols=\count191
\dotsspace@=\muskip16
\c@parentequation=\count192
\dspbrk@lvl=\count193
\tag@help=\toks17
\row@=\count194
\column@=\count195
\maxfields@=\count196
\andhelp@=\toks18
\eqnshift@=\dimen143
\alignsep@=\dimen144
\tagshift@=\dimen145
\tagwidth@=\dimen146
\totwidth@=\dimen147
\lineht@=\dimen148
\@envbody=\toks19
\multlinegap=\skip49
\multlinetaggap=\skip50
\mathdisplay@stack=\toks20
LaTeX Info: Redefining \[ on input line 2938.
LaTeX Info: Redefining \] on input line 2939.
)
LaTeX Font Info:    Trying to load font information for U+msa on input line 397.
 (/usr/share/texlive/texmf-dist/tex/latex/amsfonts/umsa.fd
File: umsa.fd 2013/01/14 v3.01 AMS symbols A
) (/usr/share/texlive/texmf-dist/tex/latex/amsfonts/amsfonts.sty
Package: amsfonts 2013/01/14 v3.01 Basic AMSFonts support
\symAMSa=\mathgroup4
\symAMSb=\mathgroup5
LaTeX Font Info:    Redeclaring math symbol \hbar on input line 98.
LaTeX Font Info:    Overwriting math alphabet `\mathfrak' in version `bold'
(Font)                  U/euf/m/n --> U/euf/b/n on input line 106.
)
\copyins=\insert199
\abstractbox=\box52
\listisep=\skip51
\c@part=\count197
\c@section=\count198
\c@subsection=\count266
\c@subsubsection=\count267
\c@paragraph=\count268
\c@subparagraph=\count269
\c@figure=\count270
\c@table=\count271
\abovecaptionskip=\skip52
\belowcaptionskip=\skip53
\captionindent=\dimen149
\thm@style=\toks21
\thm@bodyfont=\toks22
\thm@headfont=\toks23
\thm@notefont=\toks24
\thm@headpunct=\toks25
\thm@preskip=\skip54
\thm@postskip=\skip55
\thm@headsep=\skip56
\dth@everypar=\toks26
) (/usr/share/texlive/texmf-dist/tex/latex/base/inputenc.sty
Package: inputenc 2021/02/14 v1.3d Input encoding file
\inpenc@prehook=\toks27
\inpenc@posthook=\toks28
) (/usr/share/texlive/texmf-dist/tex/latex/amsfonts/amssymb.sty
Package: amssymb 2013/01/14 v3.01 AMS font symbols
) (/usr/share/texlive/texmf-dist/tex/latex/amsmath/amsxtra.sty
Package: amsxtra 1999/11/15 v1.2c AMS extra commands
LaTeX Info: Redefining \nobreakspace on input line 54.
) (/usr/share/texlive/texmf-dist/tex/latex/amsrefs/amsrefs.sty
Package: amsrefs 2013/03/07 v2.14
 (/usr/share/texlive/texmf-dist/tex/latex/url/url.sty
\Urlmuskip=\muskip17
Package: url 2013/09/16  ver 3.4  Verb mode for urls, etc.
) (/usr/share/texlive/texmf-dist/tex/latex/amsrefs/pcatcode.sty
Package: pcatcode 2002/04/16 v1.04
) (/usr/share/texlive/texmf-dist/tex/latex/amsrefs/ifoption.sty
Package: ifoption 2002/03/04 v1.02
) (/usr/share/texlive/texmf-dist/tex/latex/amsrefs/rkeyval.sty
Package: rkeyval 2004/05/05 v1.08
\@temptokenb=\toks29
\rsk@toks=\toks30
) (/usr/share/texlive/texmf-dist/tex/latex/amsrefs/textcmds.sty
Package: textcmds 2012/08/02 v2.00
) (/usr/share/texlive/texmf-dist/tex/latex/amsrefs/mathscinet.sty
Package: mathscinet 2002/04/17 v1.05
)
\c@bib=\count272
\@maxlabelwidth=\dimen150
\c@bib@env=\count273
\bib@dbfile=\read2
\alpha@suffix=\count274
\series@index=\count275
)
\c@thm=\count276
\c@thmintro=\count277
 (/usr/share/texlive/texmf-dist/tex/latex/l3backend/l3backend-pdftex.def
File: l3backend-pdftex.def 2022-01-12 L3 backend support: PDF output (pdfTeX)
\l__color_backend_stack_int=\count278
\l__pdf_internal_box=\box53
)
No file web.aux.
\openout1 = `web.aux'.

LaTeX Font Info:    Checking defaults for OML/cmm/m/it on input line 229.
LaTeX Font Info:    ... okay on input line 229.
LaTeX Font Info:    Checking defaults for OMS/cmsy/m/n on input line 229.
LaTeX Font Info:    ... okay on input line 229.
LaTeX Font Info:    Checking defaults for OT1/cmr/m/n on input line 229.
LaTeX Font Info:    ... okay on input line 229.
LaTeX Font Info:    Checking defaults for T1/cmr/m/n on input line 229.
LaTeX Font Info:    ... okay on input line 229.
LaTeX Font Info:    Checking defaults for TS1/cmr/m/n on input line 229.
LaTeX Font Info:    ... okay on input line 229.
LaTeX Font Info:    Checking defaults for OMX/cmex/m/n on input line 229.
LaTeX Font Info:    ... okay on input line 229.
LaTeX Font Info:    Checking defaults for U/cmr/m/n on input line 229.
LaTeX Font Info:    ... okay on input line 229.
LaTeX Font Info:    Trying to load font information for U+msa on input line 229.
(/usr/share/texlive/texmf-dist/tex/latex/amsfonts/umsa.fd
File: umsa.fd 2013/01/14 v3.01 AMS symbols A
)
LaTeX Font Info:    Trying to load font information for U+msb on input line 229.
 (/usr/share/texlive/texmf-dist/tex/latex/amsfonts/umsb.fd
File: umsb.fd 2013/01/14 v3.01 AMS symbols B
)
No file web.toc.
\tf@toc=\write3
\openout3 = `web.toc'.

[1{/var/lib/texmf/fonts/map/pdftex/updmap/pdftex.map}]
\openout2 = `content.aux'.

 (./content.tex [2

]
Overfull \hbox (2.61957pt too wide) in paragraph at lines 114--115
[]\OT1/cmr/m/n/12 Let $(12) \OMS/cmsy/m/n/12 2 \OML/cmm/m/it/12 S[]$\OT1/cmr/m/n/12 . We com-pute $\OML/cmm/m/it/12 C[]\OT1/cmr/m/n/12 ((12)) = \OMS/cmsy/m/n/12 f\OML/cmm/m/it/12 e; \OT1/cmr/m/n/12 (12)\OML/cmm/m/it/12 ; \OT1/cmr/m/n/12 (34)\OML/cmm/m/it/12 ; \OT1/cmr/m/n/12 (12)(34)\OMS/cmsy/m/n/12 g$\OT1/cmr/m/n/12 . 
 []

./content.tex:139: Undefined control sequence.
\CO ->\ensuremath {\mathcal {O}}\xspace 
                                        
l.139         \item For any two orbits $\CO
                                           (a)$ and $\CO(b)$, we have either...
The control sequence at the end of the top line
of your error message was never \def'ed. If you have
misspelled it (e.g., `\hobx'), type `I' and the correct
spelling (e.g., `I\hbox'). Otherwise just continue,
and I'll forget about whatever was undefined.

./content.tex:139: Undefined control sequence.
\CO ->\ensuremath {\mathcal {O}}\xspace 
                                        
l.139 ...item For any two orbits $\CO(a)$ and $\CO
                                                  (b)$, we have either  $\CO...
The control sequence at the end of the top line
of your error message was never \def'ed. If you have
misspelled it (e.g., `\hobx'), type `I' and the correct
spelling (e.g., `I\hbox'). Otherwise just continue,
and I'll forget about whatever was undefined.

./content.tex:139: Undefined control sequence.
\CO ->\ensuremath {\mathcal {O}}\xspace 
                                        
l.139 ...CO(a)$ and $\CO(b)$, we have either  $\CO
                                                  (a) = \CO(b)$ or $\CO(a) \...
The control sequence at the end of the top line
of your error message was never \def'ed. If you have
misspelled it (e.g., `\hobx'), type `I' and the correct
spelling (e.g., `I\hbox'). Otherwise just continue,
and I'll forget about whatever was undefined.

./content.tex:139: Undefined control sequence.
\CO ->\ensuremath {\mathcal {O}}\xspace 
                                        
l.139 ...d $\CO(b)$, we have either  $\CO(a) = \CO
                                                  (b)$ or $\CO(a) \cap \CO(b...
The control sequence at the end of the top line
of your error message was never \def'ed. If you have
misspelled it (e.g., `\hobx'), type `I' and the correct
spelling (e.g., `I\hbox'). Otherwise just continue,
and I'll forget about whatever was undefined.

./content.tex:139: Undefined control sequence.
\CO ->\ensuremath {\mathcal {O}}\xspace 
                                        
l.139 ...we have either  $\CO(a) = \CO(b)$ or $\CO
                                                  (a) \cap \CO(b) = \emptyse...
The control sequence at the end of the top line
of your error message was never \def'ed. If you have
misspelled it (e.g., `\hobx'), type `I' and the correct
spelling (e.g., `I\hbox'). Otherwise just continue,
and I'll forget about whatever was undefined.

./content.tex:139: Undefined control sequence.
\CO ->\ensuremath {\mathcal {O}}\xspace 
                                        
l.139 ...er  $\CO(a) = \CO(b)$ or $\CO(a) \cap \CO
                                                  (b) = \emptyset$. Therefor...
The control sequence at the end of the top line
of your error message was never \def'ed. If you have
misspelled it (e.g., `\hobx'), type `I' and the correct
spelling (e.g., `I\hbox'). Otherwise just continue,
and I'll forget about whatever was undefined.

[3]
./content.tex:140: Undefined control sequence.
\CO ->\ensuremath {\mathcal {O}}\xspace 
                                        
l.140 ...t of cosets $G/ Stab_{G}(a)$ and the $\CO
                                                  (a)$ orbit of $a$.
The control sequence at the end of the top line
of your error message was never \def'ed. If you have
misspelled it (e.g., `\hobx'), type `I' and the correct
spelling (e.g., `I\hbox'). Otherwise just continue,
and I'll forget about whatever was undefined.

./content.tex:174: Undefined control sequence.
\BZ ->\ensuremath {\mathbb {Z}}\xspace 
                                       
l.174     We have $|\BZ
                        : 2\BZ| =2$. Note that both $\BZ$ and $2\BZ$ are inf...
The control sequence at the end of the top line
of your error message was never \def'ed. If you have
misspelled it (e.g., `\hobx'), type `I' and the correct
spelling (e.g., `I\hbox'). Otherwise just continue,
and I'll forget about whatever was undefined.

./content.tex:174: Undefined control sequence.
\BZ ->\ensuremath {\mathbb {Z}}\xspace 
                                       
l.174     We have $|\BZ : 2\BZ
                              | =2$. Note that both $\BZ$ and $2\BZ$ are inf...
The control sequence at the end of the top line
of your error message was never \def'ed. If you have
misspelled it (e.g., `\hobx'), type `I' and the correct
spelling (e.g., `I\hbox'). Otherwise just continue,
and I'll forget about whatever was undefined.

./content.tex:174: Undefined control sequence.
\BZ ->\ensuremath {\mathbb {Z}}\xspace 
                                       
l.174 ...ve $|\BZ : 2\BZ| =2$. Note that both $\BZ
                                                  $ and $2\BZ$ are infinite.
The control sequence at the end of the top line
of your error message was never \def'ed. If you have
misspelled it (e.g., `\hobx'), type `I' and the correct
spelling (e.g., `I\hbox'). Otherwise just continue,
and I'll forget about whatever was undefined.

./content.tex:174: Undefined control sequence.
\BZ ->\ensuremath {\mathbb {Z}}\xspace 
                                       
l.174 ...2\BZ| =2$. Note that both $\BZ$ and $2\BZ
                                                  $ are infinite.
The control sequence at the end of the top line
of your error message was never \def'ed. If you have
misspelled it (e.g., `\hobx'), type `I' and the correct
spelling (e.g., `I\hbox'). Otherwise just continue,
and I'll forget about whatever was undefined.

[4]
./content.tex:244: Undefined control sequence.
\CP ->\ensuremath {\mathcal {P}}\xspace 
                                        
l.244 ...note the set of partitions of $n$ by $\CP
                                                  (n)$.
The control sequence at the end of the top line
of your error message was never \def'ed. If you have
misspelled it (e.g., `\hobx'), type `I' and the correct
spelling (e.g., `I\hbox'). Otherwise just continue,
and I'll forget about whatever was undefined.

./content.tex:248: Undefined control sequence.
\CP ->\ensuremath {\mathcal {P}}\xspace 
                                        
l.248 ...f $S_n$ is in natural bijection with $\CP
                                                  (n)$.
The control sequence at the end of the top line
of your error message was never \def'ed. If you have
misspelled it (e.g., `\hobx'), type `I' and the correct
spelling (e.g., `I\hbox'). Otherwise just continue,
and I'll forget about whatever was undefined.

[5]
./content.tex:270: Undefined control sequence.
\BZ ->\ensuremath {\mathbb {Z}}\xspace 
                                       
l.270     If $|G| = n$, then we have $ G \cong \BZ
                                                  /n\BZ$. If $|G| = \infty$,...
The control sequence at the end of the top line
of your error message was never \def'ed. If you have
misspelled it (e.g., `\hobx'), type `I' and the correct
spelling (e.g., `I\hbox'). Otherwise just continue,
and I'll forget about whatever was undefined.

./content.tex:270: Undefined control sequence.
\BZ ->\ensuremath {\mathbb {Z}}\xspace 
                                       
l.270 ...|G| = n$, then we have $ G \cong \BZ/n\BZ
                                                  $. If $|G| = \infty$, then...
The control sequence at the end of the top line
of your error message was never \def'ed. If you have
misspelled it (e.g., `\hobx'), type `I' and the correct
spelling (e.g., `I\hbox'). Otherwise just continue,
and I'll forget about whatever was undefined.

./content.tex:270: Undefined control sequence.
\BZ ->\ensuremath {\mathbb {Z}}\xspace 
                                       
l.270 ...|G| = \infty$, then we have $ G \cong \BZ
                                                  $.
The control sequence at the end of the top line
of your error message was never \def'ed. If you have
misspelled it (e.g., `\hobx'), type `I' and the correct
spelling (e.g., `I\hbox'). Otherwise just continue,
and I'll forget about whatever was undefined.

./content.tex:274: Undefined control sequence.
\BZ ->\ensuremath {\mathbb {Z}}\xspace 
                                       
l.274         \item For any $n \in \BZ
                                      $, the quotient group $\BZ/ n \BZ$ is ...
The control sequence at the end of the top line
of your error message was never \def'ed. If you have
misspelled it (e.g., `\hobx'), type `I' and the correct
spelling (e.g., `I\hbox'). Otherwise just continue,
and I'll forget about whatever was undefined.

./content.tex:274: Undefined control sequence.
\BZ ->\ensuremath {\mathbb {Z}}\xspace 
                                       
l.274 ... any $n \in \BZ$, the quotient group $\BZ
                                                  / n \BZ$ is cyclic. We can...
The control sequence at the end of the top line
of your error message was never \def'ed. If you have
misspelled it (e.g., `\hobx'), type `I' and the correct
spelling (e.g., `I\hbox'). Otherwise just continue,
and I'll forget about whatever was undefined.

./content.tex:274: Undefined control sequence.
\BZ ->\ensuremath {\mathbb {Z}}\xspace 
                                       
l.274 ... \in \BZ$, the quotient group $\BZ/ n \BZ
                                                  $ is cyclic. We can take $...
The control sequence at the end of the top line
of your error message was never \def'ed. If you have
misspelled it (e.g., `\hobx'), type `I' and the correct
spelling (e.g., `I\hbox'). Otherwise just continue,
and I'll forget about whatever was undefined.

./content.tex:280: Undefined control sequence.
\BZ ->\ensuremath {\mathbb {Z}}\xspace 
                                       
l.280     Let $p \in \BZ
                        $ be a prime. If $G$ is a group of order $p$, then $...
The control sequence at the end of the top line
of your error message was never \def'ed. If you have
misspelled it (e.g., `\hobx'), type `I' and the correct
spelling (e.g., `I\hbox'). Otherwise just continue,
and I'll forget about whatever was undefined.

./content.tex:280: Undefined control sequence.
\BZ ->\ensuremath {\mathbb {Z}}\xspace 
                                       
l.280 ...G$ is isomorphic to the cyclic group $\BZ
                                                  /p\BZ$.
The control sequence at the end of the top line
of your error message was never \def'ed. If you have
misspelled it (e.g., `\hobx'), type `I' and the correct
spelling (e.g., `I\hbox'). Otherwise just continue,
and I'll forget about whatever was undefined.

./content.tex:280: Undefined control sequence.
\BZ ->\ensuremath {\mathbb {Z}}\xspace 
                                       
l.280 ... isomorphic to the cyclic group $\BZ/p\BZ
                                                  $.
The control sequence at the end of the top line
of your error message was never \def'ed. If you have
misspelled it (e.g., `\hobx'), type `I' and the correct
spelling (e.g., `I\hbox'). Otherwise just continue,
and I'll forget about whatever was undefined.

./content.tex:286: Undefined control sequence.
\BZ ->\ensuremath {\mathbb {Z}}\xspace 
                                       
l.286 ... \langle x^a \rangle$ for some $a \in \BZ
                                                  $ is also cyclic.
The control sequence at the end of the top line
of your error message was never \def'ed. If you have
misspelled it (e.g., `\hobx'), type `I' and the correct
spelling (e.g., `I\hbox'). Otherwise just continue,
and I'll forget about whatever was undefined.

./content.tex:329: Undefined control sequence.
\BZ ->\ensuremath {\mathbb {Z}}\xspace 
                                       
l.329 ... group of order $n$. Recall the ring $\BZ
                                                  /n\BZ$.
The control sequence at the end of the top line
of your error message was never \def'ed. If you have
misspelled it (e.g., `\hobx'), type `I' and the correct
spelling (e.g., `I\hbox'). Otherwise just continue,
and I'll forget about whatever was undefined.

./content.tex:329: Undefined control sequence.
\BZ ->\ensuremath {\mathbb {Z}}\xspace 
                                       
l.329 ...p of order $n$. Recall the ring $\BZ/n\BZ
                                                  $.
The control sequence at the end of the top line
of your error message was never \def'ed. If you have
misspelled it (e.g., `\hobx'), type `I' and the correct
spelling (e.g., `I\hbox'). Otherwise just continue,
and I'll forget about whatever was undefined.

./content.tex:333: Undefined control sequence.
\BZ ->\ensuremath {\mathbb {Z}}\xspace 
                                       
l.333         End(G) \cong \BZ
                              /n\BZ, \sigma \mapsto a(\sigma) \quad \text{ s...
The control sequence at the end of the top line
of your error message was never \def'ed. If you have
misspelled it (e.g., `\hobx'), type `I' and the correct
spelling (e.g., `I\hbox'). Otherwise just continue,
and I'll forget about whatever was undefined.

./content.tex:333: Undefined control sequence.
\BZ ->\ensuremath {\mathbb {Z}}\xspace 
                                       
l.333         End(G) \cong \BZ/n\BZ
                                   , \sigma \mapsto a(\sigma) \quad \text{ s...
The control sequence at the end of the top line
of your error message was never \def'ed. If you have
misspelled it (e.g., `\hobx'), type `I' and the correct
spelling (e.g., `I\hbox'). Otherwise just continue,
and I'll forget about whatever was undefined.

[6]
./content.tex:343: Undefined control sequence.
\BZ ->\ensuremath {\mathbb {Z}}\xspace 
                                       
l.343         Aut(G) \cong (\BZ
                               /n\BZ)^* = \{\overline{a} \in \BZ/n\BZ\vert g...
The control sequence at the end of the top line
of your error message was never \def'ed. If you have
misspelled it (e.g., `\hobx'), type `I' and the correct
spelling (e.g., `I\hbox'). Otherwise just continue,
and I'll forget about whatever was undefined.

./content.tex:343: Undefined control sequence.
\BZ ->\ensuremath {\mathbb {Z}}\xspace 
                                       
l.343         Aut(G) \cong (\BZ/n\BZ
                                    )^* = \{\overline{a} \in \BZ/n\BZ\vert g...
The control sequence at the end of the top line
of your error message was never \def'ed. If you have
misspelled it (e.g., `\hobx'), type `I' and the correct
spelling (e.g., `I\hbox'). Otherwise just continue,
and I'll forget about whatever was undefined.

./content.tex:343: Undefined control sequence.
\BZ ->\ensuremath {\mathbb {Z}}\xspace 
                                       
l.343 ...ong (\BZ/n\BZ)^* = \{\overline{a} \in \BZ
                                                  /n\BZ\vert gcd(a,n) =1\}
The control sequence at the end of the top line
of your error message was never \def'ed. If you have
misspelled it (e.g., `\hobx'), type `I' and the correct
spelling (e.g., `I\hbox'). Otherwise just continue,
and I'll forget about whatever was undefined.

./content.tex:343: Undefined control sequence.
\BZ ->\ensuremath {\mathbb {Z}}\xspace 
                                       
l.343 ...\BZ/n\BZ)^* = \{\overline{a} \in \BZ/n\BZ
                                                  \vert gcd(a,n) =1\}
The control sequence at the end of the top line
of your error message was never \def'ed. If you have
misspelled it (e.g., `\hobx'), type `I' and the correct
spelling (e.g., `I\hbox'). Otherwise just continue,
and I'll forget about whatever was undefined.

./content.tex:350: Undefined control sequence.
\BZ ->\ensuremath {\mathbb {Z}}\xspace 
                                       
l.350 ...t(G)$ we need to understand the ring $\BZ
                                                  /n\BZ$. This will be the t...
The control sequence at the end of the top line
of your error message was never \def'ed. If you have
misspelled it (e.g., `\hobx'), type `I' and the correct
spelling (e.g., `I\hbox'). Otherwise just continue,
and I'll forget about whatever was undefined.

./content.tex:350: Undefined control sequence.
\BZ ->\ensuremath {\mathbb {Z}}\xspace 
                                       
l.350 ... we need to understand the ring $\BZ/n\BZ
                                                  $. This will be the topic ...
The control sequence at the end of the top line
of your error message was never \def'ed. If you have
misspelled it (e.g., `\hobx'), type `I' and the correct
spelling (e.g., `I\hbox'). Otherwise just continue,
and I'll forget about whatever was undefined.

[7] [8]

LaTeX Warning: Reference `cor:SylowCor' on page 9 undefined on input line 503.

[9] [10] [11] [12] [13] [14]
./content.tex:798: Undefined control sequence.
\BZ ->\ensuremath {\mathbb {Z}}\xspace 
                                       
l.798         \item Let $G= \BZ
                               /6\BZ$. We have two equivalent normal towers
The control sequence at the end of the top line
of your error message was never \def'ed. If you have
misspelled it (e.g., `\hobx'), type `I' and the correct
spelling (e.g., `I\hbox'). Otherwise just continue,
and I'll forget about whatever was undefined.

./content.tex:798: Undefined control sequence.
\BZ ->\ensuremath {\mathbb {Z}}\xspace 
                                       
l.798         \item Let $G= \BZ/6\BZ
                                    $. We have two equivalent normal towers
The control sequence at the end of the top line
of your error message was never \def'ed. If you have
misspelled it (e.g., `\hobx'), type `I' and the correct
spelling (e.g., `I\hbox'). Otherwise just continue,
and I'll forget about whatever was undefined.

./content.tex:800: Undefined control sequence.
\BZ ->\ensuremath {\mathbb {Z}}\xspace 
                                       
l.800                   G \supset \BZ
                                     /3\BZ \supset \{e\}, \quad G \supset \B...
The control sequence at the end of the top line
of your error message was never \def'ed. If you have
misspelled it (e.g., `\hobx'), type `I' and the correct
spelling (e.g., `I\hbox'). Otherwise just continue,
and I'll forget about whatever was undefined.

./content.tex:800: Undefined control sequence.
\BZ ->\ensuremath {\mathbb {Z}}\xspace 
                                       
l.800                   G \supset \BZ/3\BZ
                                           \supset \{e\}, \quad G \supset \B...
The control sequence at the end of the top line
of your error message was never \def'ed. If you have
misspelled it (e.g., `\hobx'), type `I' and the correct
spelling (e.g., `I\hbox'). Otherwise just continue,
and I'll forget about whatever was undefined.

./content.tex:800: Undefined control sequence.
\BZ ->\ensuremath {\mathbb {Z}}\xspace 
                                       
l.800 ...Z/3\BZ \supset \{e\}, \quad G \supset \BZ
                                                  /2\BZ \supset \{e\}.
The control sequence at the end of the top line
of your error message was never \def'ed. If you have
misspelled it (e.g., `\hobx'), type `I' and the correct
spelling (e.g., `I\hbox'). Otherwise just continue,
and I'll forget about whatever was undefined.

./content.tex:800: Undefined control sequence.
\BZ ->\ensuremath {\mathbb {Z}}\xspace 
                                       
l.800 ...Z \supset \{e\}, \quad G \supset \BZ/2\BZ
                                                   \supset \{e\}.
The control sequence at the end of the top line
of your error message was never \def'ed. If you have
misspelled it (e.g., `\hobx'), type `I' and the correct
spelling (e.g., `I\hbox'). Otherwise just continue,
and I'll forget about whatever was undefined.

[15] [16] [17]) [18] [19


] (./web.aux (./content.aux))

LaTeX Warning: There were undefined references.


LaTeX Warning: Label(s) may have changed. Rerun to get cross-references right.

 ) 
Here is how much of TeX's memory you used:
 3536 strings out of 480171
 46962 string characters out of 5894489
 345187 words of memory out of 5000000
 21324 multiletter control sequences out of 15000+600000
 477904 words of font info for 61 fonts, out of 8000000 for 9000
 220 hyphenation exceptions out of 8191
 69i,15n,76p,671b,366s stack positions out of 5000i,500n,10000p,200000b,80000s
</usr/share/texlive/texmf-dist/fonts/type1/public/amsfonts/cm/cmbx12.pfb></usr/share/texlive/texmf-dist/fonts/type1/public/amsfonts/cm/cmcsc10.pfb></usr/share/texlive/texmf-dist/fonts/type1/public/amsfonts/cm/cmex10.pfb></usr/share/texlive/texmf-dist/fonts/type1/public/amsfonts/cm/cmmi12.pfb></usr/share/texlive/texmf-dist/fonts/type1/public/amsfonts/cm/cmmi6.pfb></usr/share/texlive/texmf-dist/fonts/type1/public/amsfonts/cm/cmmi8.pfb></usr/share/texlive/texmf-dist/fonts/type1/public/amsfonts/cm/cmr10.pfb></usr/share/texlive/texmf-dist/fonts/type1/public/amsfonts/cm/cmr12.pfb></usr/share/texlive/texmf-dist/fonts/type1/public/amsfonts/cm/cmr6.pfb></usr/share/texlive/texmf-dist/fonts/type1/public/amsfonts/cm/cmr8.pfb></usr/share/texlive/texmf-dist/fonts/type1/public/amsfonts/cm/cmr9.pfb></usr/share/texlive/texmf-dist/fonts/type1/public/amsfonts/cm/cmsy10.pfb></usr/share/texlive/texmf-dist/fonts/type1/public/amsfonts/cm/cmsy6.pfb></usr/share/texlive/texmf-dist/fonts/type1/public/amsfonts/cm/cmsy8.pfb></usr/share/texlive/texmf-dist/fonts/type1/public/amsfonts/cm/cmti10.pfb></usr/share/texlive/texmf-dist/fonts/type1/public/amsfonts/cm/cmti12.pfb></usr/share/texlive/texmf-dist/fonts/type1/public/amsfonts/symbols/msam10.pfb></usr/share/texlive/texmf-dist/fonts/type1/public/amsfonts/symbols/msbm10.pfb>
Output written on web.pdf (19 pages, 270911 bytes).
PDF statistics:
 156 PDF objects out of 1000 (max. 8388607)
 98 compressed objects within 1 object stream
 0 named destinations out of 1000 (max. 500000)
 1 words of extra memory for PDF output out of 10000 (max. 10000000)

